  building MPIR for gc (x64) from directory mpn\generic
  creating mpir.h for x64
  creating config.h from ..\build.vc14\cdata\mpn\generic\
  version.c
  tal-reent.c
  randsdui.c
  randsd.c
  rands.c
  randmui.c
  randmts.c
  randmt.c
  randlc2x.c
  randlc2s.c
  randiset.c
  randdef.c
  randclr.c
  randbui.c
  primesieve.c
  nextprime.c
  mp_set_fns.c
  mp_minv_tab.c
  mp_get_fns.c
  mp_dv_tab.c
  Generando código...
  Compilando...
  mp_clz_tab.c
  mp_bpl.c
  memory.c
  invalid.c
  extract-dbl.c
  errno.c
  assert.c
  Generando código...
  split_bits.c
  revbin.c
  normmod_2expp1.c
  mulmod_2expp1.c
  mul_trunc_sqrt2.c
  mul_mfa_trunc_sqrt2.c
  mul_fft_main.c
  mul_2expmod_2expp1.c
  ifft_trunc_sqrt2.c
  ifft_trunc.c
  ifft_radix2.c
  ifft_negacyclic.c
  ifft_mfa_trunc_sqrt2.c
  fft_trunc_sqrt2.c
  fft_trunc.c
  fft_radix2.c
  fft_negacyclic.c
  fft_mfa_trunc_sqrt2_inner.c
  fft_mfa_trunc_sqrt2.c
  fermat_to_mpz.c
  Generando código...
  Compilando...
  div_2expmod_2expp1.c
  combine_bits.c
  butterfly_rshB.c
  butterfly_lshB.c
  adjust_sqrt2.c
  adjust.c
  Generando código...
  urandomb.c
  ui_sub.c
  ui_div.c
  trunc.c
  swap.c
  sub_ui.c
  sub.c
  sqrt_ui.c
  sqrt.c
  size.c
  set_z.c
  set_ui.c
  set_str.c
  set_si.c
  set_q.c
  set_prc_raw.c
  set_prc.c
  set_dfl_prec.c
  set_d.c
  set.c
  Generando código...
  Compilando...
  rrandomb.c
  reldiff.c
  random2.c
  pow_ui.c
  out_str.c
  neg.c
  mul_ui.c
  mul_2exp.c
  mul.c
  iset_ui.c
  iset_str.c
  iset_si.c
  iset_d.c
  iset.c
  int_p.c
  inp_str.c
  inits.c
  init2.c
  init.c
  get_ui.c
  Generando código...
  Compilando...
  get_str.c
  get_si.c
  get_prc.c
  get_dfl_prec.c
  get_d_2exp.c
  get_d.c
  fits_ushort.c
  fits_ulong.c
  fits_uint.c
  fits_ui.c
  fits_sshort.c
  fits_slong.c
  fits_sint.c
  fits_si.c
  eq.c
  dump.c
  div_ui.c
  div_2exp.c
  div.c
  cmp_ui.c
  Generando código...
  Compilando...
  cmp_si.c
  cmp_d.c
  cmp.c
  clears.c
  clear.c
  ceilfloor.c
  add_ui.c
  add.c
  abs.c
  Generando código...
  swap.c
  set_z.c
  set_ui.c
  set_str.c
  set_si.c
  set_num.c
  set_f.c
  set_den.c
  set_d.c
  set.c
  out_str.c
  neg.c
  mul.c
  md_2exp.c
  inv.c
  inp_str.c
  inits.c
  init.c
  get_str.c
  get_num.c
  Generando código...
  Compilando...
  get_den.c
  get_d.c
  equal.c
  div.c
  cmp_ui.c
  cmp_si.c
  cmp.c
  clears.c
  clear.c
  canonicalize.c
  aors.c
  abs.c
  Generando código...
  xor.c
  urandomm.c
  urandomb.c
  ui_sub.c
  ui_pow_ui.c
  tstbit.c
  trial_division.c
  tdiv_ui.c
  tdiv_r_ui.c
  tdiv_r_2exp.c
  tdiv_r.c
  tdiv_qr_ui.c
  tdiv_qr.c
  tdiv_q_ui.c
  tdiv_q_2exp.c
  tdiv_q.c
  swap.c
  sub_ui.c
  sub.c
  sqrtrem.c
  Generando código...
  Compilando...
  sqrt.c
  sizeinbase.c
  size.c
  setbit.c
  set_ux.c
  set_ui.c
  set_sx.c
  set_str.c
  set_si.c
  set_q.c
  set_f.c
  set_d.c
  set.c
  scan1.c
  scan0.c
  rrandomb.c
  rootrem.c
  root.c
  roinit_n.c
  remove.c
  Generando código...
  Compilando...
  realloc2.c
  realloc.c
  prodlimbs.c
  probable_prime_p.c
  primorial_ui.c
  pprime_p.c
  powm_ui.c
  powm.c
  pow_ui.c
  popcount.c
  perfsqr.c
  perfpow.c
  out_str.c
  out_raw.c
  oddfac_1.c
  nthroot.c
  nextprime.c
  next_prime_candidate.c
  neg.c
  n_pow_ui.c
  Generando código...
  Compilando...
  mul_ui.c
  mul_si.c
  mul_2exp.c
  mul.c
  mod.c
  millerrabin.c
  miller_rabin.c
  mfac_uiui.c
  lucnum_ui.c
  lucnum2_ui.c
  limbs_write.c
  limbs_read.c
  limbs_modify.c
  limbs_finish.c
  likely_prime_p.c
  lcm_ui.c
  lcm.c
  kronzu.c
  kronzs.c
  kronuz.c
  Generando código...
  Compilando...
  kronsz.c
  jacobi.c
  iset_ux.c
  iset_ui.c
  iset_sx.c
  iset_str.c
  iset_si.c
  iset_d.c
  iset.c
  ior.c
  invert.c
  inp_str.c
  inp_raw.c
  inits.c
  init2.c
  init.c
  import.c
  hamdist.c
  getlimbn.c
  get_ux.c
  Generando código...
  Compilando...
  get_ui.c
  get_sx.c
  get_str.c
  get_si.c
  get_d_2exp.c
  get_d.c
  gcdext.c
  gcd_ui.c
  gcd.c
  fits_ushort.c
  fits_ulong.c
  fits_uint.c
  fits_ui.c
  fits_sshort.c
  fits_slong.c
  fits_sint.c
  fits_si.c
  fib_ui.c
  fib2_ui.c
  fdiv_ui.c
  Generando código...
  Compilando...
  fdiv_r_ui.c
  fdiv_r.c
  fdiv_qr_ui.c
  fdiv_qr.c
  fdiv_q_ui.c
  fdiv_q.c
  fac_ui.c
  export.c
  dump.c
  divis_ui.c
  divis_2exp.c
  divis.c
  divexact.c
  divegcd.c
  dive_ui.c
  cong_ui.c
  cong_2exp.c
  cong.c
  combit.c
  com.c
  Generando código...
  Compilando...
  cmpabs_ui.c
  cmpabs_d.c
  cmpabs.c
  cmp_ui.c
  cmp_si.c
  cmp_d.c
  cmp.c
  clrbit.c
  clears.c
  clear.c
  cfdiv_r_2exp.c
  cfdiv_q_2exp.c
  cdiv_ui.c
  cdiv_r_ui.c
  cdiv_r.c
  cdiv_qr_ui.c
  cdiv_qr.c
  cdiv_q_ui.c
  cdiv_q.c
  bin_uiui.c
  Generando código...
  Compilando...
  bin_ui.c
  array_init.c
  aorsmul_i.c
  aorsmul.c
  and.c
  add_ui.c
  add.c
  abs.c
  2fac_ui.c
  Generando código...
  vsprintf.c
  vsnprintf.c
  vprintf.c
  vfprintf.c
  vasprintf.c
  sprintffuns.c
  sprintf.c
  snprntffuns.c
  snprintf.c
  repl-vsnprintf.c
  printffuns.c
  printf.c
  obvprintf.c
  obprntffuns.c
  obprintf.c
  fprintf.c
  doprnti.c
  doprntf.c
  doprnt.c
  asprntffuns.c
  Generando código...
  Compilando...
  asprintf.c
  Generando código...
  vsscanf.c
  vscanf.c
  vfscanf.c
  sscanffuns.c
  sscanf.c
  scanf.c
  fscanffuns.c
  fscanf.c
  doscan.c
  Generando código...
  osmpz.cc
  osmpq.cc
  osmpf.cc
  osfuns.cc
  osdoprnti.cc
  ismpznw.cc
  ismpz.cc
  ismpq.cc
  ismpf.cc
  isfuns.cc
  dummy.cc
  Generando código...
  zero.c
  xor_n.c
  xnor_n.c
  urandomm.c
  urandomb.c
  toom_interpolate_16pts.c
  toom_eval_pm2rexp.c
  toom_eval_pm2exp.c
  toom_eval_pm2.c
  toom_eval_pm1.c
  toom_eval_dgr3_pm2.c
  toom_eval_dgr3_pm1.c
  toom_couple_handling.c
  toom8h_mul.c
  toom8_sqr_n.c
  toom4_mul_n.c
  toom4_mul.c
  toom42_mulmid.c
  toom3_mul_n.c
  toom3_mul.c
  Generando código...
  Compilando...
  tdiv_qr.c
  tdiv_q.c
  sumdiff_n.c
  submul_1.c
  subadd_n.c
  sub_n.c
  sub_err2_n.c
  sub_err1_n.c
  sub_1.c
  sub.c
  sqrtrem.c
  sqr_basecase.c
  sizeinbase.c
  set_str.c
  scan1.c
  scan0.c
  sb_divappr_q.c
  sb_div_qr.c
  sb_div_q.c
  sb_bdiv_qr.c
  Generando código...
  Compilando...
  sb_bdiv_q.c
  rshift.c
  rsh_divrem_hensel_qr_1_2.c
  rsh_divrem_hensel_qr_1_1.c
  rsh_divrem_hensel_qr_1.c
  rrandom.c
  rootrem_basecase.c
  rootrem.c
  redc_n.c
  redc_2.c
  redc_1.c
  randomb.c
  random2.c
  random.c
  preinv_mod_1.c
  preinv_divrem_1.c
  powm.c
  powlo.c
  pow_1.c
  popcount.c
  Generando código...
  Compilando...
  perfect_square_p.c
  nsumdiff_n.c
  nior_n.c
  neg_n.c
  nand_n.c
  mulmod_bexpp1.c
  mulmod_2expp1_basecase.c
  mulmod_2expm1.c
  mulmid_n.c
  mulmid_basecase.c
  mulmid.c
  mullow_n_basecase.c
  mullow_n.c
  mullow_basecase.c
  mulhigh_n.c
  mul_n.c
  mul_fft.c
  mul_basecase.c
  mul_1.c
  mul.c
  Generando código...
  Compilando...
  mp_bases.c
  modexact_1c_odd.c
  mod_34lsub1.c
  mod_1_3.c
  mod_1_2.c
  mod_1_1.c
  mod_1.c
  matrix22_mul1_inverse_vector.c
  matrix22_mul.c
  lshift.c
  jacobi_base.c
  jacobi_2.c
  jacobi.c
  iorn_n.c
  ior_n.c
  invert.c
  inv_divappr_q_n.c
  inv_divappr_q.c
  inv_div_qr_n.c
  inv_div_qr.c
  Generando código...
  Compilando...
  inv_div_q.c
  hgcd_step.c
  hgcd_reduce.c
  hgcd_matrix.c
  hgcd_jacobi.c
  hgcd_appr.c
  hgcd2_jacobi.c
  hgcd2.c
  hgcd.c
  hamdist.c
  get_str.c
  get_d.c
  gcdext_lehmer.c
  gcdext_1.c
  gcdext.c
  gcd_subdiv_step.c
  gcd_1.c
  gcd.c
  fib_table.c
  fib2_ui.c
  Generando código...
  Compilando...
  dump.c
  divrem_hensel_rsh_qr_1.c
  divrem_hensel_r_1.c
  divrem_hensel_qr_1_2.c
  divrem_hensel_qr_1_1.c
  divrem_hensel_qr_1.c
  divrem_euclidean_r_1.c
  divrem_euclidean_qr_2.c
  divrem_euclidean_qr_1.c
  divrem_2.c
  divrem_1.c
  divrem.c
  divisible_p.c
  divexact_byfobm1.c
  divexact_byff.c
  divexact_by3c.c
  divexact_1.c
  divexact.c
  dc_divappr_q.c
  dc_div_qr_n.c
  Generando código...
  Compilando...
  dc_div_qr.c
  dc_div_q.c
  dc_bdiv_qr_n.c
  dc_bdiv_qr.c
  dc_bdiv_q_n.c
  dc_bdiv_q.c
  copyi.c
  copyd.c
  comb_tables.c
  com_n.c
  cmp.c
  binvert.c
  bdivmod.c
  andn_n.c
  and_n.c
  addsub_n.c
  addmul_1.c
  addadd_n.c
  add_n.c
  add_err2_n.c
  Generando código...
  Compilando...
  add_err1_n.c
  add_1.c
  add.c
  Generando código...
     Creando biblioteca x64\Debug\mpir.lib y objeto x64\Debug\mpir.exp
  dll_mpir_gc.vcxproj -> C:\Users\Oscar\Downloads\mpir-3.0.0\build.vc14\dll_mpir_gc\x64\Debug\mpir.dll
  dll_mpir_gc.vcxproj -> x64\Debug\mpir.pdb (Full PDB)
  copying outputs from "..\build.vc14\dll_mpir_gc\x64\Debug\" to "..\dll\x64\Debug\"
  copying ..\build.vc14\test-config.props from tmp.props
