  copying ..\..\src\mpfr.h to ..\..\dll\x64\Release\\mpfr.h
  abort_prec_max.c
  acos.c
  acosh.c
  add.c
  add1.c
  add1sp.c
  add_d.c
  add_ui.c
..\..\src\add1.c(114): warning C4018: '<=': no coinciden signed/unsigned
..\..\src\add1sp.c(144): warning C4018: '<': no coinciden signed/unsigned
..\..\src\add_ui.c(69): warning C4244: '=': conversión de 'UWtype' a 'int'; posible pérdida de datos
..\..\src\add1.c(211): warning C4244: '=': conversión de 'mp_limb_t' a 'int'; posible pérdida de datos
..\..\src\add1.c(440): warning C4018: '>': no coinciden signed/unsigned
..\..\src\add1sp.c(677): warning C4146: operador unario menos aplicado a un tipo unsigned; el resultado aún no tiene signo
..\..\src\add1sp.c(715): warning C4018: '>=': no coinciden signed/unsigned
..\..\src\add1sp.c(717): warning C4018: '>': no coinciden signed/unsigned
..\..\src\add1sp.c(858): warning C4018: '>=': no coinciden signed/unsigned
  agm.c
  ai.c
  asin.c
  asinh.c
  atan.c
  atan2.c
  atanh.c
..\..\src\atan.c(66): warning C4146: operador unario menos aplicado a un tipo unsigned; el resultado aún no tiene signo
..\..\src\atan.c(151): warning C4244: '-=': conversión de 'mp_bitcnt_t' a 'unsigned long'; posible pérdida de datos
..\..\src\atan.c(178): warning C4334: '<<': el resultado del desplazamiento de 32 bits se convirtió implícitamente en 64 bits (¿quería un desplazamiento de 64 bits?)
..\..\src\atan.c(204): warning C4244: '=': conversión de 'UWtype' a 'int'; posible pérdida de datos
..\..\src\atan.c(204): warning C4244: '=': conversión de 'mp_size_t' a 'mpfr_prec_t'; posible pérdida de datos
..\..\src\atan.c(215): warning C4334: '<<': el resultado del desplazamiento de 32 bits se convirtió implícitamente en 64 bits (¿quería un desplazamiento de 64 bits?)
..\..\src\atan.c(255): warning C4244: '=': conversión de 'UWtype' a 'int'; posible pérdida de datos
..\..\src\atan.c(255): warning C4244: '=': conversión de 'mp_size_t' a 'mpfr_exp_t'; posible pérdida de datos
..\..\src\atan.c(263): warning C4244: '=': conversión de 'UWtype' a 'int'; posible pérdida de datos
..\..\src\atan.c(263): warning C4244: '=': conversión de 'mp_size_t' a 'mpfr_exp_t'; posible pérdida de datos
..\..\src\atan.c(334): warning C4018: '>': no coinciden signed/unsigned
..\..\src\asin.c(59): warning C4018: '>': no coinciden signed/unsigned
..\..\src\asinh.c(69): warning C4018: '>': no coinciden signed/unsigned
  bernoulli.c
  beta.c
  buildopt.c
  cache.c
..\..\src\atanh.c(79): warning C4018: '>': no coinciden signed/unsigned
  cbrt.c
  check.c
..\..\src\bernoulli.c(90): warning C4267: '+=': conversión de 'size_t' a 'mpfr_prec_t'; posible pérdida de datos
..\..\src\bernoulli.c(166): warning C4018: '>=': no coinciden signed/unsigned
..\..\src\bernoulli.c(175): warning C4244: '=': conversión de 'mp_bitcnt_t' a 'unsigned long'; posible pérdida de datos
..\..\src\bernoulli.c(177): warning C4018: '<': no coinciden signed/unsigned
..\..\src\cache.c(145): warning C4146: operador unario menos aplicado a un tipo unsigned; el resultado aún no tiene signo
  clear.c
..\..\src\cbrt.c(94): warning C4244: '=': conversión de 'UWtype' a 'int'; posible pérdida de datos
..\..\src\cbrt.c(94): warning C4244: '=': conversión de 'mp_size_t' a 'mpfr_prec_t'; posible pérdida de datos
..\..\src\cbrt.c(118): warning C4244: '=': conversión de 'UWtype' a 'int'; posible pérdida de datos
..\..\src\cbrt.c(118): warning C4244: '=': conversión de 'mp_size_t' a 'mpfr_prec_t'; posible pérdida de datos
  clears.c
  cmp.c
  cmp2.c
  cmp_abs.c
  cmp_d.c
  cmp_ld.c
  cmp_si.c
  cmp_ui.c
..\..\src\cmp2.c(108): warning C4244: '=': conversión de 'UWtype' a 'int'; posible pérdida de datos
..\..\src\cmp2.c(130): warning C4146: operador unario menos aplicado a un tipo unsigned; el resultado aún no tiene signo
..\..\src\cmp2.c(204): warning C4244: '=': conversión de 'UWtype' a 'int'; posible pérdida de datos
  comparisons.c
..\..\src\cmp_si.c(59): warning C4146: operador unario menos aplicado a un tipo unsigned; el resultado aún no tiene signo
..\..\src\cmp_si.c(73): warning C4244: '=': conversión de 'UWtype' a 'int'; posible pérdida de datos
  const_catalan.c
  const_euler.c
  const_log2.c
  const_pi.c
  constant.c
..\..\src\cmp_ui.c(73): warning C4244: '=': conversión de 'UWtype' a 'int'; posible pérdida de datos
  copysign.c
  cos.c
..\..\src\const_log2.c(86): warning C4244: '=': conversión de 'mp_bitcnt_t' a 'unsigned long'; posible pérdida de datos
..\..\src\const_log2.c(89): warning C4244: '=': conversión de 'mp_bitcnt_t' a 'unsigned long'; posible pérdida de datos
..\..\src\const_log2.c(94): warning C4244: '=': conversión de 'mp_bitcnt_t' a 'unsigned long'; posible pérdida de datos
..\..\src\const_euler.c(213): warning C4244: '=': conversión de 'mpir_ui' a 'unsigned long'; posible pérdida de datos
..\..\src\const_euler.c(221): warning C4244: '=': conversión de 'mpir_ui' a 'unsigned long'; posible pérdida de datos
  cosh.c
  cot.c
  coth.c
  csc.c
  csch.c
  d_div.c
..\..\src\cos.c(68): warning C4244: '=': conversión de 'mp_bitcnt_t' a 'mpfr_exp_t'; posible pérdida de datos
..\..\src\cos.c(83): warning C4267: '=': conversión de 'size_t' a 'mpfr_exp_t'; posible pérdida de datos
..\..\src\cos.c(86): warning C4267: '=': conversión de 'size_t' a 'mpfr_exp_t'; posible pérdida de datos
..\..\src\cos.c(165): warning C4018: '>': no coinciden signed/unsigned
..\..\src\cosh.c(67): warning C4018: '>': no coinciden signed/unsigned
  d_sub.c
  digamma.c
  dim.c
  div.c
  div_2exp.c
  div_2si.c
  div_2ui.c
  div_d.c
..\..\src\div.c(59): warning C4146: operador unario menos aplicado a un tipo unsigned; el resultado aún no tiene signo
..\..\src\div.c(130): warning C4146: operador unario menos aplicado a un tipo unsigned; el resultado aún no tiene signo
..\..\src\div.c(272): warning C4146: operador unario menos aplicado a un tipo unsigned; el resultado aún no tiene signo
..\..\src\div.c(438): warning C4146: operador unario menos aplicado a un tipo unsigned; el resultado aún no tiene signo
..\..\src\div.c(439): warning C4146: operador unario menos aplicado a un tipo unsigned; el resultado aún no tiene signo
..\..\src\div.c(489): warning C4146: operador unario menos aplicado a un tipo unsigned; el resultado aún no tiene signo
..\..\src\div.c(540): warning C4146: operador unario menos aplicado a un tipo unsigned; el resultado aún no tiene signo
..\..\src\div_2si.c(41): warning C4146: operador unario menos aplicado a un tipo unsigned; el resultado aún no tiene signo
..\..\src\div.c(800): warning C4244: '+=': conversión de 'mp_size_t' a 'mpfr_exp_t'; posible pérdida de datos
..\..\src\div.c(812): warning C4244: '+=': conversión de 'mp_size_t' a 'mpfr_exp_t'; posible pérdida de datos
..\..\src\div.c(819): warning C4244: '-=': conversión de 'mp_size_t' a 'mpfr_exp_t'; posible pérdida de datos
..\..\src\div.c(850): warning C4018: '<': no coinciden signed/unsigned
..\..\src\div.c(851): warning C4018: '<': no coinciden signed/unsigned
..\..\src\div.c(1007): warning C4244: 'función': conversión de 'mp_limb_t' a 'unsigned long'; posible pérdida de datos
..\..\src\div.c(1010): warning C4244: 'función': conversión de 'mp_limb_t' a 'unsigned long'; posible pérdida de datos
..\..\src\div.c(1063): warning C4146: operador unario menos aplicado a un tipo unsigned; el resultado aún no tiene signo
..\..\src\div.c(1107): warning C4244: 'función': conversión de 'mp_size_t' a 'unsigned long'; posible pérdida de datos
..\..\src\div.c(1107): warning C4244: '=': conversión de 'mp_size_t' a 'mpfr_prec_t'; posible pérdida de datos
  div_ui.c
  dump.c
  eint.c
  eq.c
..\..\src\div_2ui.c(42): warning C4146: operador unario menos aplicado a un tipo unsigned; el resultado aún no tiene signo
  erandom.c
..\..\src\div_ui.c(161): warning C4244: '=': conversión de 'UWtype' a 'int'; posible pérdida de datos
..\..\src\div_ui.c(191): warning C4146: operador unario menos aplicado a un tipo unsigned; el resultado aún no tiene signo
  erf.c
..\..\src\eint.c(73): warning C4244: '=': conversión de 'mp_bitcnt_t' a 'unsigned long'; posible pérdida de datos
..\..\src\eint.c(93): warning C4244: '=': conversión de 'UWtype' a 'int'; posible pérdida de datos
..\..\src\eint.c(93): warning C4244: '=': conversión de 'mp_size_t' a 'mpfr_exp_t'; posible pérdida de datos
..\..\src\eint.c(114): warning C4244: '=': conversión de 'UWtype' a 'int'; posible pérdida de datos
..\..\src\eint.c(114): warning C4244: '=': conversión de 'mp_size_t' a 'mpfr_exp_t'; posible pérdida de datos
..\..\src\eq.c(86): warning C4244: '=': conversión de 'mp_size_t' a 'int'; posible pérdida de datos
..\..\src\eq.c(117): warning C4244: '=': conversión de 'mp_size_t' a 'unsigned long'; posible pérdida de datos
  erfc.c
..\..\src\eq.c(85): warning C4244: 'inicializando': conversión de 'mp_size_t' a 'unsigned long'; posible pérdida de datos
  exceptions.c
  exp.c
  exp10.c
  exp2.c
  exp3.c
..\..\src\erfc.c(224): warning C4018: '>': no coinciden signed/unsigned
..\..\src\exp.c(137): warning C4018: '>': no coinciden signed/unsigned
  exp_2.c
  expm1.c
  extract.c
  factorial.c
..\..\src\exp2.c(90): warning C4018: '>': no coinciden signed/unsigned
..\..\src\exp3.c(78): warning C4334: '<<': el resultado del desplazamiento de 32 bits se convirtió implícitamente en 64 bits (¿quería un desplazamiento de 64 bits?)
..\..\src\exp3.c(103): warning C4244: '=': conversión de 'UWtype' a 'int'; posible pérdida de datos
..\..\src\exp3.c(103): warning C4244: '=': conversión de 'mp_size_t' a 'mpfr_prec_t'; posible pérdida de datos
..\..\src\exp3.c(104): warning C4244: '=': conversión de 'UWtype' a 'int'; posible pérdida de datos
..\..\src\exp3.c(104): warning C4244: '=': conversión de 'mp_size_t' a 'mpfr_prec_t'; posible pérdida de datos
..\..\src\exp3.c(131): warning C4244: '=': conversión de 'UWtype' a 'int'; posible pérdida de datos
..\..\src\exp3.c(131): warning C4244: '=': conversión de 'mp_size_t' a 'mpfr_prec_t'; posible pérdida de datos
..\..\src\exp3.c(139): warning C4244: '=': conversión de 'UWtype' a 'int'; posible pérdida de datos
..\..\src\exp3.c(139): warning C4244: '=': conversión de 'mp_size_t' a 'mpfr_prec_t'; posible pérdida de datos
..\..\src\exp3.c(150): warning C4244: '=': conversión de 'mp_bitcnt_t' a 'mpfr_exp_t'; posible pérdida de datos
  fits_intmax.c
  fits_sint.c
..\..\src\exp_2.c(45): warning C4244: '=': conversión de 'UWtype' a 'int'; posible pérdida de datos
..\..\src\exp_2.c(149): warning C4146: operador unario menos aplicado a un tipo unsigned; el resultado aún no tiene signo
..\..\src\exp_2.c(149): warning C4244: '=': conversión de 'UWtype' a 'int'; posible pérdida de datos
..\..\src\exp_2.c(300): warning C4244: '=': conversión de 'UWtype' a 'int'; posible pérdida de datos
..\..\src\exp_2.c(301): warning C4244: '=': conversión de 'UWtype' a 'int'; posible pérdida de datos
..\..\src\exp_2.c(302): warning C4244: '=': conversión de 'mp_size_t' a 'mpfr_exp_t'; posible pérdida de datos
..\..\src\exp_2.c(326): warning C4244: '=': conversión de 'UWtype' a 'int'; posible pérdida de datos
..\..\src\exp_2.c(327): warning C4244: 'función': conversión de 'mp_size_t' a 'mpfr_exp_t'; posible pérdida de datos
..\..\src\exp_2.c(440): warning C4244: '=': conversión de 'UWtype' a 'int'; posible pérdida de datos
..\..\src\exp_2.c(441): warning C4244: '=': conversión de 'UWtype' a 'int'; posible pérdida de datos
..\..\src\exp_2.c(442): warning C4244: '=': conversión de 'mp_size_t' a 'mpfr_prec_t'; posible pérdida de datos
..\..\src\expm1.c(76): warning C4018: '>': no coinciden signed/unsigned
..\..\src\expm1.c(78): warning C4018: '>': no coinciden signed/unsigned
..\..\src\expm1.c(99): warning C4018: '>': no coinciden signed/unsigned
  fits_slong.c
  fits_sshort.c
  fits_uint.c
  fits_uintmax.c
..\..\src\fits_intmax.c(66): warning C4146: operador unario menos aplicado a un tipo unsigned; el resultado aún no tiene signo
c:\users\oscar\downloads\mpfr\src\fits_s.h(62): warning C4146: operador unario menos aplicado a un tipo unsigned; el resultado aún no tiene signo (compilando archivo de origen ..\..\src\fits_sint.c)
  fits_ulong.c
  fits_ushort.c
  fma.c
c:\users\oscar\downloads\mpfr\src\fits_s.h(62): warning C4146: operador unario menos aplicado a un tipo unsigned; el resultado aún no tiene signo (compilando archivo de origen ..\..\src\fits_slong.c)
  fmma.c
  fms.c
  fpif.c
  frac.c
  free_cache.c
  frexp.c
..\..\src\fma.c(182): warning C4244: '=': conversión de 'mp_size_t' a 'mpfr_prec_t'; posible pérdida de datos
..\..\src\fpif.c(169): warning C4267: '=': conversión de 'size_t' a 'unsigned char'; posible pérdida de datos
..\..\src\fpif.c(175): warning C4244: '=': conversión de 'mpfr_prec_t' a 'unsigned char'; posible pérdida de datos
..\..\src\fpif.c(201): warning C4267: 'return': conversión de 'size_t' a 'mpfr_prec_t'; posible pérdida de datos
..\..\src\fpif.c(262): warning C4146: operador unario menos aplicado a un tipo unsigned; el resultado aún no tiene signo
..\..\src\fpif.c(281): warning C4244: '=': conversión de 'mpfr_uexp_t' a 'unsigned char'; posible pérdida de datos
..\..\src\fpif.c(284): warning C4267: '=': conversión de 'size_t' a 'unsigned char'; posible pérdida de datos
..\..\src\fpif.c(487): warning C4267: '=': conversión de 'size_t' a 'int'; posible pérdida de datos
..\..\src\fpif.c(502): warning C4267: '=': conversión de 'size_t' a 'int'; posible pérdida de datos
..\..\src\fpif.c(514): warning C4267: '=': conversión de 'size_t' a 'int'; posible pérdida de datos
..\..\src\fpif.c(562): warning C4267: '=': conversión de 'size_t' a 'int'; posible pérdida de datos
..\..\src\frac.c(76): warning C4244: '=': conversión de 'UWtype' a 'int'; posible pérdida de datos
..\..\src\frac.c(91): warning C4244: '=': conversión de 'UWtype' a 'int'; posible pérdida de datos
..\..\src\frac.c(99): warning C4244: 'función': conversión de 'mp_size_t' a 'mpfr_prec_t'; posible pérdida de datos
  gamma.c
  gammaonethird.c
  gamma_inc.c
  get_d.c
  get_d64.c
  get_exp.c
  get_f.c
c:\users\oscar\downloads\mpfr\src\lngamma.c(518): warning C4146: operador unario menos aplicado a un tipo unsigned; el resultado aún no tiene signo (compilando archivo de origen ..\..\src\gamma.c)
c:\users\oscar\downloads\mpfr\src\lngamma.c(518): warning C4018: '<=': no coinciden signed/unsigned (compilando archivo de origen ..\..\src\gamma.c)
..\..\src\gamma.c(253): warning C4018: '<=': no coinciden signed/unsigned
..\..\src\get_f.c(61): warning C4305: '=': truncamiento de '__int64' a 'mp_exp_t'
..\..\src\get_f.c(64): warning C4244: '=': conversión de 'mp_size_t' a 'int'; posible pérdida de datos
  get_float128.c
..\..\src\get_f.c(146): warning C4244: '=': conversión de 'mp_size_t' a 'int'; posible pérdida de datos
  get_flt.c
  get_ld.c
  get_si.c
  get_sj.c
  get_str.c
  get_ui.c
..\..\src\get_flt.c(72): warning C4244: '=': conversión de 'double' a 'float'; posible pérdida de datos
  get_uj.c
..\..\src\get_si.c(63): warning C4244: '=': conversión de 'mp_limb_t' a 'long'; posible pérdida de datos
  get_z.c
  get_z_exp.c
  gmp_op.c
..\..\src\get_ui.c(59): warning C4244: '=': conversión de 'mp_limb_t' a 'unsigned long'; posible pérdida de datos
..\..\src\get_str.c(119): warning C4244: 'función': conversión de 'mp_size_t' a 'mpfr_exp_t'; posible pérdida de datos
..\..\src\get_str.c(120): warning C4244: 'función': conversión de 'mp_size_t' a 'mpfr_prec_t'; posible pérdida de datos
..\..\src\get_str.c(128): warning C4244: 'función': conversión de 'mp_size_t' a 'mpfr_prec_t'; posible pérdida de datos
..\..\src\get_str.c(129): warning C4244: 'función': conversión de 'mp_size_t' a 'mpfr_prec_t'; posible pérdida de datos
..\..\src\get_str.c(145): warning C4244: 'función': conversión de 'mp_size_t' a 'unsigned int'; posible pérdida de datos
..\..\src\get_str.c(156): warning C4267: '=': conversión de 'size_t' a 'mpfr_exp_t'; posible pérdida de datos
..\..\src\get_str.c(2352): warning C4244: '=': conversión de 'UWtype' a 'int'; posible pérdida de datos
..\..\src\get_str.c(2365): warning C4267: '=': conversión de 'size_t' a 'mpfr_exp_t'; posible pérdida de datos
..\..\src\get_str.c(2393): warning C4244: 'función': conversión de 'mp_size_t' a 'unsigned int'; posible pérdida de datos
..\..\src\get_str.c(2420): warning C4267: 'función': conversión de 'size_t' a 'mpfr_exp_t'; posible pérdida de datos
..\..\src\get_str.c(2448): warning C4267: '=': conversión de 'size_t' a 'mpfr_exp_t'; posible pérdida de datos
..\..\src\get_str.c(2510): warning C4267: '=': conversión de 'size_t' a 'mpfr_exp_t'; posible pérdida de datos
  grandom.c
  hypot.c
..\..\src\get_z_exp.c(65): warning C4146: operador unario menos aplicado a un tipo unsigned; el resultado aún no tiene signo
..\..\src\get_z_exp.c(71): warning C4244: '=': conversión de 'mp_size_t' a 'int'; posible pérdida de datos
  init.c
..\..\src\gmp_op.c(42): warning C4244: '=': conversión de 'UWtype' a 'int'; posible pérdida de datos
..\..\src\gmp_op.c(42): warning C4244: '=': conversión de 'mp_size_t' a 'mpfr_prec_t'; posible pérdida de datos
  init2.c
..\..\src\gmp_op.c(92): warning C4244: 'función': conversión de 'mpir_si' a 'long'; posible pérdida de datos
..\..\src\gmp_op.c(101): warning C4244: 'función': conversión de 'mpir_si' a 'long'; posible pérdida de datos
..\..\src\gmp_op.c(110): warning C4244: 'función': conversión de 'mpir_si' a 'long'; posible pérdida de datos
..\..\src\gmp_op.c(119): warning C4244: 'función': conversión de 'mpir_si' a 'long'; posible pérdida de datos
..\..\src\gmp_op.c(128): warning C4244: 'función': conversión de 'mpir_si' a 'long'; posible pérdida de datos
..\..\src\gmp_op.c(145): warning C4244: 'función': conversión de 'mpir_si' a 'long'; posible pérdida de datos
..\..\src\gmp_op.c(150): warning C4244: '=': conversión de 'UWtype' a 'int'; posible pérdida de datos
..\..\src\gmp_op.c(150): warning C4244: '=': conversión de 'mp_size_t' a 'mpfr_prec_t'; posible pérdida de datos
..\..\src\gmp_op.c(210): warning C4244: '=': conversión de 'UWtype' a 'int'; posible pérdida de datos
..\..\src\gmp_op.c(210): warning C4244: '=': conversión de 'mp_size_t' a 'mpfr_prec_t'; posible pérdida de datos
..\..\src\gmp_op.c(471): warning C4244: '=': conversión de 'UWtype' a 'int'; posible pérdida de datos
..\..\src\gmp_op.c(471): warning C4244: '=': conversión de 'mp_size_t' a 'mpfr_prec_t'; posible pérdida de datos
  inits.c
..\..\src\hypot.c(93): warning C4018: '>': no coinciden signed/unsigned
..\..\src\hypot.c(120): warning C4146: operador unario menos aplicado a un tipo unsigned; el resultado aún no tiene signo
  inits2.c
  inp_str.c
  int_ceil_log2.c
  isinf.c
  isinteger.c
  isnan.c
  isnum.c
  isqrt.c
..\..\src\int_ceil_log2.c(39): warning C4244: '=': conversión de 'UWtype' a 'int'; posible pérdida de datos
  isregular.c
  iszero.c
  jn.c
  li2.c
  lngamma.c
  log.c
  log10.c
..\..\src\jn.c(102): warning C4146: operador unario menos aplicado a un tipo unsigned; el resultado aún no tiene signo
..\..\src\jn.c(135): warning C4018: '>': no coinciden signed/unsigned
..\..\src\jn.c(175): warning C4018: '>': no coinciden signed/unsigned
..\..\src\jn.c(214): warning C4018: '>': no coinciden signed/unsigned
..\..\src\jn.c(317): warning C4018: '>': no coinciden signed/unsigned
..\..\src\jn.c(318): warning C4018: '<=': no coinciden signed/unsigned
  log1p.c
  log2.c
..\..\src\li2.c(247): warning C4018: '>': no coinciden signed/unsigned
..\..\src\li2.c(250): warning C4018: '>': no coinciden signed/unsigned
..\..\src\lngamma.c(518): warning C4146: operador unario menos aplicado a un tipo unsigned; el resultado aún no tiene signo
..\..\src\lngamma.c(518): warning C4018: '<=': no coinciden signed/unsigned
  logging.c
..\..\src\log1p.c(78): warning C4018: '>': no coinciden signed/unsigned
..\..\src\log1p.c(80): warning C4018: '>': no coinciden signed/unsigned
  log_ui.c
  min_prec.c
  minmax.c
  modf.c
  mpfr-gmp.c
  mpfr-mini-gmp.c
  mp_clz_tab.c
..\..\src\min_prec.c(32): warning C4244: 'return': conversión de 'mp_bitcnt_t' a 'mpfr_prec_t'; posible pérdida de datos
..\..\src\log_ui.c(136): warning C4267: '=': conversión de 'size_t' a 'unsigned long'; posible pérdida de datos
..\..\src\log_ui.c(146): warning C4146: operador unario menos aplicado a un tipo unsigned; el resultado aún no tiene signo
  mpn_exp.c
  mul.c
  mul_2exp.c
  mul_2si.c
..\..\src\mp_clz_tab.c(32): warning C4273: '__gmpn_clz_tab': vinculación de DLL incoherente
  C:\Users\Oscar\Downloads\mpir\dll\x64\Release\longlong.h(462): note: vea la definición anterior de '__gmpn_clz_tab' (compilando archivo de origen ..\..\src\mp_clz_tab.c)
  mul_2ui.c
..\..\src\mpn_exp.c(63): warning C4244: '=': conversión de 'UWtype' a 'mpfr_exp_t'; posible pérdida de datos
..\..\src\mpn_exp.c(75): warning C4267: '=': conversión de 'size_t' a 'mpfr_exp_t'; posible pérdida de datos
..\..\src\mpn_exp.c(78): warning C4244: '=': conversión de 'UWtype' a 'unsigned long'; posible pérdida de datos
..\..\src\mpn_exp.c(90): warning C4267: '=': conversión de 'size_t' a 'unsigned long'; posible pérdida de datos
..\..\src\mpn_exp.c(112): warning C4146: operador unario menos aplicado a un tipo unsigned; el resultado aún no tiene signo
..\..\src\mpn_exp.c(112): warning C4267: '=': conversión de 'size_t' a 'mpfr_exp_t'; posible pérdida de datos
..\..\src\mul_2si.c(41): warning C4146: operador unario menos aplicado a un tipo unsigned; el resultado aún no tiene signo
..\..\src\mul.c(881): warning C4244: '=': conversión de 'mp_size_t' a 'mpfr_prec_t'; posible pérdida de datos
..\..\src\mul.c(888): warning C4244: '=': conversión de 'mp_size_t' a 'mpfr_prec_t'; posible pérdida de datos
..\..\src\mul.c(906): warning C4244: 'función': conversión de 'mp_size_t' a 'unsigned long'; posible pérdida de datos
..\..\src\mul.c(906): warning C4244: '=': conversión de 'mp_size_t' a 'mpfr_prec_t'; posible pérdida de datos
..\..\src\mul.c(946): warning C4244: 'función': conversión de 'mp_size_t' a 'unsigned long'; posible pérdida de datos
..\..\src\mul.c(946): warning C4244: '=': conversión de 'mp_size_t' a 'mpfr_prec_t'; posible pérdida de datos
..\..\src\mul.c(986): warning C4244: 'función': conversión de 'mp_limb_t' a 'mpfr_exp_t'; posible pérdida de datos
..\..\src\mul.c(1011): warning C4146: operador unario menos aplicado a un tipo unsigned; el resultado aún no tiene signo
  mul_d.c
  mul_ui.c
  mulders.c
  neg.c
  next.c
  nrandom.c
  odd_p.c
..\..\src\mul_ui.c(95): warning C4244: '=': conversión de 'UWtype' a 'int'; posible pérdida de datos
..\..\src\mul_ui.c(106): warning C4146: operador unario menos aplicado a un tipo unsigned; el resultado aún no tiene signo
..\..\src\mulders.c(231): warning C4146: operador unario menos aplicado a un tipo unsigned; el resultado aún no tiene signo
..\..\src\next.c(55): warning C4146: operador unario menos aplicado a un tipo unsigned; el resultado aún no tiene signo
..\..\src\next.c(89): warning C4146: operador unario menos aplicado a un tipo unsigned; el resultado aún no tiene signo
..\..\src\nrandom.c(121): warning C4244: 'inicializando': conversión de 'mpir_ui' a 'unsigned long'; posible pérdida de datos
..\..\src\nrandom.c(180): warning C4244: 'función': conversión de 'mpir_ui' a 'int'; posible pérdida de datos
  out_str.c
  pow.c
  pow_si.c
  pow_ui.c
  pow_z.c
  powerof2.c
  print_raw.c
..\..\src\pow_si.c(151): warning C4146: operador unario menos aplicado a un tipo unsigned; el resultado aún no tiene signo
..\..\src\pow.c(54): warning C4244: '=': conversión de 'mp_bitcnt_t' a 'unsigned long'; posible pérdida de datos
..\..\src\pow_si.c(152): warning C4244: '=': conversión de 'UWtype' a 'int'; posible pérdida de datos
..\..\src\pow.c(64): warning C4244: '=': conversión de 'mp_bitcnt_t' a 'unsigned long'; posible pérdida de datos
..\..\src\pow.c(94): warning C4244: '=': conversión de 'UWtype' a 'int'; posible pérdida de datos
..\..\src\pow.c(94): warning C4244: '=': conversión de 'mp_size_t' a 'mpfr_prec_t'; posible pérdida de datos
..\..\src\pow.c(688): warning C4018: '>': no coinciden signed/unsigned
..\..\src\pow_z.c(56): warning C4244: '=': conversión de 'UWtype' a 'int'; posible pérdida de datos
..\..\src\pow_z.c(66): warning C4244: '=': conversión de 'mp_size_t' a 'mpfr_prec_t'; posible pérdida de datos
..\..\src\pow_z.c(258): warning C4244: '=': conversión de 'mpir_si' a 'mpfr_exp_t'; posible pérdida de datos
..\..\src\pow_z.c(276): warning C4244: '=': conversión de 'UWtype' a 'int'; posible pérdida de datos
..\..\src\pow_z.c(280): warning C4244: '=': conversión de 'mp_size_t' a 'mpfr_prec_t'; posible pérdida de datos
..\..\src\pow_z.c(358): warning C4244: 'función': conversión de 'mp_size_t' a 'mpfr_exp_t'; posible pérdida de datos
  print_rnd_mode.c
  printf.c
  random_deviate.c
  rec_sqrt.c
  reldiff.c
..\..\src\printf.c(40): warning C4005: 'va_copy': redefinición de macro
  C:\Program Files (x86)\Microsoft Visual Studio 14.0\VC\include\stdarg.h(20): note: vea la definición anterior de 'va_copy' (compilando archivo de origen ..\..\src\printf.c)
  rem1.c
  rint.c
..\..\src\random_deviate.c(138): warning C4244: '=': conversión de 'mpir_ui' a 'unsigned long'; posible pérdida de datos
  rndna.c
..\..\src\rec_sqrt.c(185): warning C4244: '=': conversión de 'const mp_limb_t' a 'unsigned long'; posible pérdida de datos
..\..\src\rec_sqrt.c(231): warning C4244: 'función': conversión de 'mp_size_t' a 'mpfr_prec_t'; posible pérdida de datos
..\..\src\random_deviate.c(162): warning C4244: 'inicializando': conversión de 'mpir_ui' a 'unsigned long'; posible pérdida de datos
..\..\src\rec_sqrt.c(371): warning C4244: '=': conversión de 'mp_size_t' a 'mpfr_prec_t'; posible pérdida de datos
..\..\src\random_deviate.c(217): warning C4244: '=': conversión de 'UWtype' a 'int'; posible pérdida de datos
..\..\src\random_deviate.c(236): warning C4267: '=': conversión de 'size_t' a 'mpfr_random_size_t'; posible pérdida de datos
..\..\src\random_deviate.c(381): warning C4146: operador unario menos aplicado a un tipo unsigned; el resultado aún no tiene signo
..\..\src\rec_sqrt.c(512): warning C4244: '=': conversión de 'mp_size_t' a 'mpfr_prec_t'; posible pérdida de datos
..\..\src\rec_sqrt.c(534): warning C4244: 'inicializando': conversión de 'mp_size_t' a 'mpfr_prec_t'; posible pérdida de datos
  root.c
..\..\src\rem1.c(140): warning C4244: '=': conversión de 'mpir_si' a 'long'; posible pérdida de datos
..\..\src\rem1.c(170): warning C4244: '=': conversión de 'mpir_si' a 'long'; posible pérdida de datos
..\..\src\rem1.c(105): warning C4244: 'inicializando': conversión de 'mp_bitcnt_t' a 'unsigned long'; posible pérdida de datos
  round_near_x.c
..\..\src\rint.c(119): warning C4146: operador unario menos aplicado a un tipo unsigned; el resultado aún no tiene signo
  round_p.c
  round_prec.c
  scale2.c
  sec.c
..\..\src\rndna.c(168): warning C4146: operador unario menos aplicado a un tipo unsigned; el resultado aún no tiene signo
  sech.c
..\..\src\round_near_x.c(170): warning C4018: '>': no coinciden signed/unsigned
..\..\src\round_near_x.c(171): warning C4018: '>': no coinciden signed/unsigned
..\..\src\round_near_x.c(191): warning C4146: operador unario menos aplicado a un tipo unsigned; el resultado aún no tiene signo
..\..\src\root.c(128): warning C4018: '<': no coinciden signed/unsigned
..\..\src\root.c(131): warning C4244: '=': conversión de 'UWtype' a 'int'; posible pérdida de datos
..\..\src\root.c(131): warning C4244: '=': conversión de 'mp_size_t' a 'mpfr_prec_t'; posible pérdida de datos
..\..\src\root.c(138): warning C4018: '>=': no coinciden signed/unsigned
..\..\src\root.c(152): warning C4244: '=': conversión de 'UWtype' a 'int'; posible pérdida de datos
..\..\src\root.c(152): warning C4244: '=': conversión de 'mp_size_t' a 'mpfr_prec_t'; posible pérdida de datos
..\..\src\round_p.c(77): warning C4018: '<=': no coinciden signed/unsigned
..\..\src\round_p.c(79): warning C4018: '<': no coinciden signed/unsigned
c:\users\oscar\downloads\mpfr\src\round_raw_generic.c(176): warning C4244: '=': conversión de 'mp_limb_t' a 'int'; posible pérdida de datos (compilando archivo de origen ..\..\src\round_prec.c)
c:\users\oscar\downloads\mpfr\src\round_raw_generic.c(226): warning C4244: '=': conversión de 'mp_limb_t' a 'int'; posible pérdida de datos (compilando archivo de origen ..\..\src\round_prec.c)
  set.c
c:\users\oscar\downloads\mpfr\src\round_raw_generic.c(176): warning C4244: '=': conversión de 'mp_limb_t' a 'int'; posible pérdida de datos (compilando archivo de origen ..\..\src\round_prec.c)
c:\users\oscar\downloads\mpfr\src\round_raw_generic.c(226): warning C4244: '=': conversión de 'mp_limb_t' a 'int'; posible pérdida de datos (compilando archivo de origen ..\..\src\round_prec.c)
..\..\src\round_prec.c(71): warning C4244: '=': conversión de 'mp_size_t' a 'mpfr_prec_t'; posible pérdida de datos
..\..\src\round_prec.c(283): warning C4146: operador unario menos aplicado a un tipo unsigned; el resultado aún no tiene signo
..\..\src\round_prec.c(285): warning C4244: 'función': conversión de 'mp_size_t' a 'mpfr_prec_t'; posible pérdida de datos
..\..\src\round_prec.c(290): warning C4146: operador unario menos aplicado a un tipo unsigned; el resultado aún no tiene signo
..\..\src\round_prec.c(304): warning C4146: operador unario menos aplicado a un tipo unsigned; el resultado aún no tiene signo
..\..\src\round_prec.c(306): warning C4244: 'función': conversión de 'mp_size_t' a 'mpfr_prec_t'; posible pérdida de datos
..\..\src\round_prec.c(316): warning C4244: 'función': conversión de 'mp_size_t' a 'mpfr_prec_t'; posible pérdida de datos
..\..\src\round_prec.c(323): warning C4146: operador unario menos aplicado a un tipo unsigned; el resultado aún no tiene signo
..\..\src\round_prec.c(328): warning C4146: operador unario menos aplicado a un tipo unsigned; el resultado aún no tiene signo
..\..\src\round_prec.c(360): warning C4244: 'función': conversión de 'mp_size_t' a 'mpfr_prec_t'; posible pérdida de datos
..\..\src\round_prec.c(399): warning C4244: 'función': conversión de 'mp_size_t' a 'mpfr_prec_t'; posible pérdida de datos
..\..\src\round_prec.c(466): warning C4244: 'función': conversión de 'mp_size_t' a 'mpfr_prec_t'; posible pérdida de datos
..\..\src\round_prec.c(479): warning C4244: 'función': conversión de 'mp_size_t' a 'mpfr_prec_t'; posible pérdida de datos
..\..\src\round_prec.c(480): warning C4244: 'función': conversión de 'mp_size_t' a 'mpfr_prec_t'; posible pérdida de datos
..\..\src\round_prec.c(490): warning C4244: 'función': conversión de 'mp_size_t' a 'mpfr_prec_t'; posible pérdida de datos
..\..\src\round_prec.c(497): warning C4244: 'función': conversión de 'mp_size_t' a 'mpfr_prec_t'; posible pérdida de datos
  set_d.c
  set_d64.c
  set_dfl_prec.c
c:\users\oscar\downloads\mpfr\src\gen_inverse.h(65): warning C4018: '>': no coinciden signed/unsigned (compilando archivo de origen ..\..\src\sec.c)
c:\users\oscar\downloads\mpfr\src\gen_inverse.h(65): warning C4018: '>': no coinciden signed/unsigned (compilando archivo de origen ..\..\src\sech.c)
  set_exp.c
  set_f.c
..\..\src\set.c(62): warning C4146: operador unario menos aplicado a un tipo unsigned; el resultado aún no tiene signo
  set_float128.c
..\..\src\set_d.c(77): warning C4244: '=': conversión de 'UWtype' a 'int'; posible pérdida de datos
  set_flt.c
  set_inf.c
  set_ld.c
  set_nan.c
..\..\src\set_f.c(52): warning C4244: '=': conversión de 'UWtype' a 'int'; posible pérdida de datos
  set_prc_raw.c
  set_prec.c
  set_q.c
  set_rnd.c
  set_si.c
  set_si_2exp.c
  set_sj.c
..\..\src\set_q.c(45): warning C4244: '=': conversión de 'UWtype' a 'int'; posible pérdida de datos
..\..\src\set_q.c(46): warning C4244: '=': conversión de 'mp_size_t' a 'mpfr_prec_t'; posible pérdida de datos
..\..\src\set_q.c(122): warning C4244: '=': conversión de 'mp_size_t' a 'long'; posible pérdida de datos
  set_str.c
  set_str_raw.c
  set_ui.c
  set_ui_2exp.c
..\..\src\set_si_2exp.c(44): warning C4146: operador unario menos aplicado a un tipo unsigned; el resultado aún no tiene signo
..\..\src\set_si_2exp.c(45): warning C4146: operador unario menos aplicado a un tipo unsigned; el resultado aún no tiene signo
..\..\src\set_si_2exp.c(49): warning C4244: '=': conversión de 'UWtype' a 'int'; posible pérdida de datos
  set_uj.c
  set_z.c
..\..\src\set_sj.c(46): warning C4146: operador unario menos aplicado a un tipo unsigned; el resultado aún no tiene signo
  set_zero.c
  setmax.c
  setmin.c
..\..\src\set_ui_2exp.c(49): warning C4244: '=': conversión de 'UWtype' a 'int'; posible pérdida de datos
..\..\src\set_uj.c(69): warning C4244: '=': conversión de 'UWtype' a 'int'; posible pérdida de datos
..\..\src\set_uj.c(91): warning C4244: '=': conversión de 'UWtype' a 'int'; posible pérdida de datos
..\..\src\set_uj.c(125): warning C4244: '=': conversión de 'intmax_t' a 'mpfr_exp_t'; posible pérdida de datos
  setsign.c
  set_z_exp.c
  sgn.c
  si_op.c
  signbit.c
  sin.c
  sin_cos.c
..\..\src\set_z_exp.c(60): warning C4244: '=': conversión de 'UWtype' a 'int'; posible pérdida de datos
..\..\src\set_z_exp.c(91): warning C4146: operador unario menos aplicado a un tipo unsigned; el resultado aún no tiene signo
  sinh.c
..\..\src\si_op.c(44): warning C4146: operador unario menos aplicado a un tipo unsigned; el resultado aún no tiene signo
..\..\src\si_op.c(63): warning C4146: operador unario menos aplicado a un tipo unsigned; el resultado aún no tiene signo
..\..\src\si_op.c(83): warning C4146: operador unario menos aplicado a un tipo unsigned; el resultado aún no tiene signo
..\..\src\si_op.c(107): warning C4146: operador unario menos aplicado a un tipo unsigned; el resultado aún no tiene signo
..\..\src\si_op.c(131): warning C4146: operador unario menos aplicado a un tipo unsigned; el resultado aún no tiene signo
..\..\src\si_op.c(154): warning C4146: operador unario menos aplicado a un tipo unsigned; el resultado aún no tiene signo
  sinh_cosh.c
  sqr.c
  sqrt.c
..\..\src\sin.c(72): warning C4018: '>': no coinciden signed/unsigned
  sqrt_ui.c
..\..\src\sin_cos.c(92): warning C4018: '>': no coinciden signed/unsigned
..\..\src\sin_cos.c(101): warning C4018: '>': no coinciden signed/unsigned
..\..\src\sin_cos.c(113): warning C4018: '>': no coinciden signed/unsigned
..\..\src\sin_cos.c(122): warning C4018: '>': no coinciden signed/unsigned
..\..\src\sin_cos.c(239): warning C4244: '=': conversión de 'UWtype' a 'int'; posible pérdida de datos
..\..\src\sin_cos.c(239): warning C4244: '=': conversión de 'mp_size_t' a 'mpfr_prec_t'; posible pérdida de datos
..\..\src\sin_cos.c(255): warning C4244: '=': conversión de 'UWtype' a 'int'; posible pérdida de datos
..\..\src\sin_cos.c(255): warning C4244: '=': conversión de 'mp_size_t' a 'unsigned long'; posible pérdida de datos
..\..\src\sin_cos.c(256): warning C4244: '=': conversión de 'UWtype' a 'int'; posible pérdida de datos
..\..\src\sin_cos.c(256): warning C4244: '=': conversión de 'mp_size_t' a 'unsigned long'; posible pérdida de datos
..\..\src\sin_cos.c(259): warning C4018: '>': no coinciden signed/unsigned
..\..\src\sin_cos.c(310): warning C4244: '=': conversión de 'mp_bitcnt_t' a 'mpfr_prec_t'; posible pérdida de datos
..\..\src\sin_cos.c(324): warning C4244: '=': conversión de 'UWtype' a 'int'; posible pérdida de datos
..\..\src\sin_cos.c(324): warning C4244: '=': conversión de 'mp_size_t' a 'mpfr_prec_t'; posible pérdida de datos
..\..\src\sin_cos.c(331): warning C4244: '=': conversión de 'UWtype' a 'int'; posible pérdida de datos
..\..\src\sin_cos.c(331): warning C4244: '=': conversión de 'mp_size_t' a 'mpfr_prec_t'; posible pérdida de datos
..\..\src\sin_cos.c(332): warning C4244: '=': conversión de 'UWtype' a 'int'; posible pérdida de datos
..\..\src\sin_cos.c(332): warning C4244: '=': conversión de 'mp_size_t' a 'mpfr_prec_t'; posible pérdida de datos
..\..\src\sin_cos.c(350): warning C4244: '=': conversión de 'UWtype' a 'int'; posible pérdida de datos
..\..\src\sin_cos.c(350): warning C4244: '=': conversión de 'mp_size_t' a 'mpfr_prec_t'; posible pérdida de datos
..\..\src\sin_cos.c(363): warning C4244: '=': conversión de 'UWtype' a 'int'; posible pérdida de datos
..\..\src\sin_cos.c(363): warning C4244: '=': conversión de 'mp_size_t' a 'mpfr_prec_t'; posible pérdida de datos
..\..\src\sin_cos.c(379): warning C4244: '=': conversión de 'UWtype' a 'int'; posible pérdida de datos
..\..\src\sin_cos.c(379): warning C4244: '=': conversión de 'mp_size_t' a 'mpfr_prec_t'; posible pérdida de datos
..\..\src\sinh.c(64): warning C4018: '>': no coinciden signed/unsigned
  stack_interface.c
..\..\src\sqrt.c(38): warning C4146: operador unario menos aplicado a un tipo unsigned; el resultado aún no tiene signo
..\..\src\sqrt.c(97): warning C4146: operador unario menos aplicado a un tipo unsigned; el resultado aún no tiene signo
..\..\src\sqrt.c(225): warning C4146: operador unario menos aplicado a un tipo unsigned; el resultado aún no tiene signo
..\..\src\sqrt.c(557): warning C4146: operador unario menos aplicado a un tipo unsigned; el resultado aún no tiene signo
  strtofr.c
..\..\src\sqrt_ui.c(39): warning C4244: '=': conversión de 'UWtype' a 'int'; posible pérdida de datos
  sub.c
  sub1.c
  sub1sp.c
  sub_d.c
  sub_ui.c
  subnormal.c
..\..\src\sub1.c(125): warning C4146: operador unario menos aplicado a un tipo unsigned; el resultado aún no tiene signo
..\..\src\sub1.c(187): warning C4146: operador unario menos aplicado a un tipo unsigned; el resultado aún no tiene signo
..\..\src\strtofr.c(397): warning C4146: operador unario menos aplicado a un tipo unsigned; el resultado aún no tiene signo
..\..\src\sub1sp.c(127): warning C4146: operador unario menos aplicado a un tipo unsigned; el resultado aún no tiene signo
..\..\src\sub1sp.c(134): warning C4244: '=': conversión de 'UWtype' a 'mpfr_prec_t'; posible pérdida de datos
..\..\src\sub1sp.c(149): warning C4146: operador unario menos aplicado a un tipo unsigned; el resultado aún no tiene signo
..\..\src\sub1sp.c(166): warning C4244: '=': conversión de 'UWtype' a 'mpfr_prec_t'; posible pérdida de datos
..\..\src\sub1sp.c(307): warning C4146: operador unario menos aplicado a un tipo unsigned; el resultado aún no tiene signo
..\..\src\sub1sp.c(314): warning C4244: '=': conversión de 'UWtype' a 'mpfr_prec_t'; posible pérdida de datos
..\..\src\sub1sp.c(326): warning C4146: operador unario menos aplicado a un tipo unsigned; el resultado aún no tiene signo
..\..\src\sub1sp.c(338): warning C4244: '=': conversión de 'UWtype' a 'mpfr_prec_t'; posible pérdida de datos
..\..\src\strtofr.c(473): warning C4244: '=': conversión de 'mp_size_t' a 'mpfr_exp_t'; posible pérdida de datos
..\..\src\sub1sp.c(376): warning C4146: operador unario menos aplicado a un tipo unsigned; el resultado aún no tiene signo
..\..\src\sub1sp.c(377): warning C4146: operador unario menos aplicado a un tipo unsigned; el resultado aún no tiene signo
..\..\src\strtofr.c(522): warning C4244: '=': conversión de 'UWtype' a 'int'; posible pérdida de datos
..\..\src\sub1sp.c(378): warning C4146: operador unario menos aplicado a un tipo unsigned; el resultado aún no tiene signo
..\..\src\strtofr.c(540): warning C4244: '=': conversión de 'mp_size_t' a 'mpfr_exp_t'; posible pérdida de datos
..\..\src\sub1sp.c(382): warning C4146: operador unario menos aplicado a un tipo unsigned; el resultado aún no tiene signo
..\..\src\sub_ui.c(69): warning C4244: '=': conversión de 'UWtype' a 'int'; posible pérdida de datos
..\..\src\strtofr.c(563): warning C4244: '=': conversión de 'UWtype' a 'int'; posible pérdida de datos
..\..\src\strtofr.c(572): warning C4146: operador unario menos aplicado a un tipo unsigned; el resultado aún no tiene signo
..\..\src\sub1sp.c(494): warning C4146: operador unario menos aplicado a un tipo unsigned; el resultado aún no tiene signo
..\..\src\sub1sp.c(495): warning C4146: operador unario menos aplicado a un tipo unsigned; el resultado aún no tiene signo
..\..\src\sub1sp.c(509): warning C4244: '=': conversión de 'UWtype' a 'mpfr_prec_t'; posible pérdida de datos
..\..\src\strtofr.c(585): warning C4146: operador unario menos aplicado a un tipo unsigned; el resultado aún no tiene signo
..\..\src\sub1sp.c(564): warning C4146: operador unario menos aplicado a un tipo unsigned; el resultado aún no tiene signo
..\..\src\sub1sp.c(582): warning C4244: '=': conversión de 'UWtype' a 'mpfr_prec_t'; posible pérdida de datos
..\..\src\sub1sp.c(608): warning C4146: operador unario menos aplicado a un tipo unsigned; el resultado aún no tiene signo
..\..\src\strtofr.c(589): warning C4146: operador unario menos aplicado a un tipo unsigned; el resultado aún no tiene signo
..\..\src\strtofr.c(605): warning C4267: 'función': conversión de 'size_t' a 'mpfr_exp_t'; posible pérdida de datos
..\..\src\sub1sp.c(755): warning C4146: operador unario menos aplicado a un tipo unsigned; el resultado aún no tiene signo
..\..\src\sub1sp.c(756): warning C4146: operador unario menos aplicado a un tipo unsigned; el resultado aún no tiene signo
..\..\src\strtofr.c(632): warning C4146: operador unario menos aplicado a un tipo unsigned; el resultado aún no tiene signo
..\..\src\sub1sp.c(757): warning C4146: operador unario menos aplicado a un tipo unsigned; el resultado aún no tiene signo
..\..\src\sub1sp.c(778): warning C4244: '=': conversión de 'UWtype' a 'mpfr_prec_t'; posible pérdida de datos
..\..\src\sub1sp.c(825): warning C4146: operador unario menos aplicado a un tipo unsigned; el resultado aún no tiene signo
..\..\src\sub1sp.c(845): warning C4244: '=': conversión de 'UWtype' a 'mpfr_prec_t'; posible pérdida de datos
..\..\src\strtofr.c(636): warning C4146: operador unario menos aplicado a un tipo unsigned; el resultado aún no tiene signo
..\..\src\sub1sp.c(891): warning C4146: operador unario menos aplicado a un tipo unsigned; el resultado aún no tiene signo
..\..\src\sub1sp.c(921): warning C4146: operador unario menos aplicado a un tipo unsigned; el resultado aún no tiene signo
..\..\src\strtofr.c(669): warning C4146: operador unario menos aplicado a un tipo unsigned; el resultado aún no tiene signo
..\..\src\sub1sp.c(1207): warning C4244: '=': conversión de 'UWtype' a 'mpfr_prec_t'; posible pérdida de datos
..\..\src\strtofr.c(704): warning C4146: operador unario menos aplicado a un tipo unsigned; el resultado aún no tiene signo
..\..\src\sub1sp.c(1231): warning C4244: '=': conversión de 'UWtype' a 'mpfr_prec_t'; posible pérdida de datos
..\..\src\sub1sp.c(1243): warning C4244: '-=': conversión de 'mp_size_t' a 'mpfr_exp_t'; posible pérdida de datos
..\..\src\sub1sp.c(1274): warning C4146: operador unario menos aplicado a un tipo unsigned; el resultado aún no tiene signo
..\..\src\strtofr.c(708): warning C4146: operador unario menos aplicado a un tipo unsigned; el resultado aún no tiene signo
..\..\src\sub1sp.c(1404): warning C4018: '>=': no coinciden signed/unsigned
..\..\src\sub1sp.c(1407): warning C4146: operador unario menos aplicado a un tipo unsigned; el resultado aún no tiene signo
..\..\src\sub1sp.c(1502): warning C4146: operador unario menos aplicado a un tipo unsigned; el resultado aún no tiene signo
..\..\src\strtofr.c(786): warning C4146: operador unario menos aplicado a un tipo unsigned; el resultado aún no tiene signo
..\..\src\sub1sp.c(1579): warning C4018: '>=': no coinciden signed/unsigned
..\..\src\sub1sp.c(1616): warning C4018: '>': no coinciden signed/unsigned
  sum.c
  swap.c
  tan.c
..\..\src\subnormal.c(134): warning C4146: operador unario menos aplicado a un tipo unsigned; el resultado aún no tiene signo
  tanh.c
  ubf.c
..\..\src\sum.c(197): warning C4244: '=': conversión de 'mp_size_t' a 'mpfr_exp_t'; posible pérdida de datos
..\..\src\sum.c(249): warning C4244: '-=': conversión de 'mp_size_t' a 'mpfr_exp_t'; posible pérdida de datos
..\..\src\sum.c(311): warning C4244: '-=': conversión de 'mp_size_t' a 'mpfr_exp_t'; posible pérdida de datos
..\..\src\sum.c(406): warning C4244: '=': conversión de 'UWtype' a 'int'; posible pérdida de datos
..\..\src\sum.c(437): warning C4018: '>=': no coinciden signed/unsigned
  uceil_exp2.c
..\..\src\sum.c(890): warning C4244: '=': conversión de 'mp_limb_t' a 'int'; posible pérdida de datos
..\..\src\sum.c(962): warning C4244: 'inicializando': conversión de 'mp_size_t' a 'mpfr_prec_t'; posible pérdida de datos
..\..\src\tan.c(60): warning C4018: '>': no coinciden signed/unsigned
  uceil_log2.c
  ufloor_log2.c
  ui_div.c
..\..\src\tanh.c(63): warning C4018: '>': no coinciden signed/unsigned
..\..\src\ubf.c(214): warning C4244: 'función': conversión de 'mp_size_t' a 'mpfr_prec_t'; posible pérdida de datos
  ui_pow.c
  ui_pow_ui.c
  ui_sub.c
..\..\src\ui_div.c(78): warning C4244: '=': conversión de 'UWtype' a 'int'; posible pérdida de datos
  urandom.c
  urandomb.c
  vasprintf.c
  version.c
..\..\src\vasprintf.c(59): warning C4005: 'va_copy': redefinición de macro
  C:\Program Files (x86)\Microsoft Visual Studio 14.0\VC\include\stdarg.h(20): note: vea la definición anterior de 'va_copy' (compilando archivo de origen ..\..\src\vasprintf.c)
..\..\src\ui_sub.c(70): warning C4244: '=': conversión de 'UWtype' a 'int'; posible pérdida de datos
  volatile.c
  yn.c
  zeta.c
..\..\src\urandom.c(107): warning C4244: '=': conversión de 'UWtype' a 'int'; posible pérdida de datos
..\..\src\urandom.c(144): warning C4244: 'función': conversión de 'mp_size_t' a 'unsigned int'; posible pérdida de datos
..\..\src\urandomb.c(65): warning C4244: '=': conversión de 'mp_size_t' a 'int'; posible pérdida de datos
..\..\src\urandomb.c(86): warning C4244: '=': conversión de 'UWtype' a 'int'; posible pérdida de datos
..\..\src\vasprintf.c(561): warning C4267: '=': conversión de 'size_t' a 'int'; posible pérdida de datos
  zeta_ui.c
..\..\src\vasprintf.c(1053): warning C4244: '=': conversión de 'mp_limb_t' a 'int'; posible pérdida de datos
..\..\src\vasprintf.c(1133): warning C4267: '=': conversión de 'size_t' a 'int'; posible pérdida de datos
..\..\src\vasprintf.c(1149): warning C4146: operador unario menos aplicado a un tipo unsigned; el resultado aún no tiene signo
..\..\src\vasprintf.c(1254): warning C4267: '=': conversión de 'size_t' a 'int'; posible pérdida de datos
..\..\src\vasprintf.c(1275): warning C4146: operador unario menos aplicado a un tipo unsigned; el resultado aún no tiene signo
  get_patches.c
..\..\src\vasprintf.c(1497): warning C4267: '=': conversión de 'size_t' a 'int'; posible pérdida de datos
..\..\src\vasprintf.c(1536): warning C4267: '=': conversión de 'size_t' a 'int'; posible pérdida de datos
..\..\src\vasprintf.c(1577): warning C4267: '=': conversión de 'size_t' a 'int'; posible pérdida de datos
..\..\src\vasprintf.c(1818): warning C4267: '+=': conversión de 'size_t' a 'long'; posible pérdida de datos
..\..\src\vasprintf.c(1819): warning C4267: '+=': conversión de 'size_t' a 'long'; posible pérdida de datos
..\..\src\vasprintf.c(1828): warning C4267: '+=': conversión de 'size_t' a 'long'; posible pérdida de datos
..\..\src\vasprintf.c(1836): warning C4267: '+=': conversión de 'size_t' a 'long'; posible pérdida de datos
..\..\src\vasprintf.c(1842): warning C4267: '+=': conversión de 'size_t' a 'long'; posible pérdida de datos
..\..\src\vasprintf.c(1850): warning C4267: '+=': conversión de 'size_t' a 'long'; posible pérdida de datos
..\..\src\vasprintf.c(2221): warning C4267: '=': conversión de 'size_t' a 'int'; posible pérdida de datos
..\..\src\vasprintf.c(2262): warning C4267: 'return': conversión de 'size_t' a 'int'; posible pérdida de datos
..\..\src\yn.c(160): warning C4146: operador unario menos aplicado a un tipo unsigned; el resultado aún no tiene signo
..\..\src\zeta.c(179): warning C4018: '>': no coinciden signed/unsigned
..\..\src\zeta_ui.c(60): warning C4018: '>=': no coinciden signed/unsigned
..\..\src\zeta_ui.c(67): warning C4018: '>': no coinciden signed/unsigned
..\..\src\zeta_ui.c(85): warning C4018: '>=': no coinciden signed/unsigned
..\..\src\zeta_ui.c(132): warning C4244: '=': conversión de 'UWtype' a 'unsigned long'; posible pérdida de datos
     Creando biblioteca C:\Users\Oscar\Downloads\mpfr\build.vc14\..\dll\x64\Release\mpfr.lib y objeto C:\Users\Oscar\Downloads\mpfr\build.vc14\..\dll\x64\Release\mpfr.exp
  dll_mpfr.vcxproj -> C:\Users\Oscar\Downloads\mpfr\build.vc14\..\dll\x64\Release\mpfr.dll
  dll_mpfr.vcxproj -> C:\Users\Oscar\Downloads\mpfr\build.vc14\..\dll\x64\Release\mpfr.pdb (Full PDB)
